2021-01-05 16:25:30,517 INFO [com.epam.jwd.core_final.Main] _60_
2021-01-05 16:25:30,556 INFO [com.epam.jwd.core_final.Main] _yyyy-MM-dd HH:mm:ss_
2021-01-05 16:25:30,557 INFO [com.epam.jwd.core_final.Main] com.epam.jwd.core_final.criteria.CrewMemberCriteria@7364985f
2021-01-06 10:26:41,000 ERROR [com.epam.jwd.core_final.Main] null
2021-01-06 10:26:41,082 INFO [com.epam.jwd.core_final.Main] _input_
2021-01-06 10:26:41,083 INFO [com.epam.jwd.core_final.Main] _output_
2021-01-06 10:26:41,091 INFO [com.epam.jwd.core_final.Main] _crew_
2021-01-06 10:26:41,092 INFO [com.epam.jwd.core_final.Main] _missions_
2021-01-06 10:26:41,092 INFO [com.epam.jwd.core_final.Main] _spaceships_
2021-01-06 10:26:41,092 INFO [com.epam.jwd.core_final.Main] _60_
2021-01-06 10:26:41,093 INFO [com.epam.jwd.core_final.Main] _yyyy-MM-dd HH:mm:ss_
2021-01-06 10:26:41,097 INFO [com.epam.jwd.core_final.Main] com.epam.jwd.core_final.criteria.CrewMemberCriteria@78a2da20
2021-01-06 10:28:44,005 ERROR [com.epam.jwd.core_final.Main] null
2021-01-06 10:28:44,036 INFO [com.epam.jwd.core_final.Main] _input_
2021-01-06 10:28:44,036 INFO [com.epam.jwd.core_final.Main] _output_
2021-01-06 10:28:44,036 INFO [com.epam.jwd.core_final.Main] _crew_
2021-01-06 10:28:44,037 INFO [com.epam.jwd.core_final.Main] _missions_
2021-01-06 10:28:44,037 INFO [com.epam.jwd.core_final.Main] _spaceships_
2021-01-06 10:28:44,037 INFO [com.epam.jwd.core_final.Main] _60_
2021-01-06 10:28:44,038 INFO [com.epam.jwd.core_final.Main] _yyyy-MM-dd HH:mm:ss_
2021-01-06 10:28:44,039 INFO [com.epam.jwd.core_final.Main] com.epam.jwd.core_final.criteria.CrewMemberCriteria@78a2da20
2021-01-06 10:29:13,897 ERROR [com.epam.jwd.core_final.Main] null
2021-01-06 10:29:13,928 INFO [com.epam.jwd.core_final.Main] _input_
2021-01-06 10:29:13,928 INFO [com.epam.jwd.core_final.Main] _output_
2021-01-06 10:29:13,929 INFO [com.epam.jwd.core_final.Main] _crew_
2021-01-06 10:29:13,929 INFO [com.epam.jwd.core_final.Main] _missions_
2021-01-06 10:29:13,929 INFO [com.epam.jwd.core_final.Main] _spaceships_
