2021-01-06 10:29:13,929 INFO [com.epam.jwd.core_final.Main] _60_
2021-01-06 10:29:13,980 INFO [com.epam.jwd.core_final.Main] _yyyy-MM-dd HH:mm:ss_
2021-01-06 10:29:13,981 INFO [com.epam.jwd.core_final.Main] com.epam.jwd.core_final.criteria.CrewMemberCriteria@7364985f
2021-01-06 10:30:24,618 ERROR [com.epam.jwd.core_final.Main] null
2021-01-06 10:30:24,655 INFO [com.epam.jwd.core_final.Main] _input_
2021-01-06 10:30:24,658 INFO [com.epam.jwd.core_final.Main] _output_
2021-01-06 10:30:24,658 INFO [com.epam.jwd.core_final.Main] _crew_
2021-01-06 10:30:24,659 INFO [com.epam.jwd.core_final.Main] _missions_
2021-01-06 10:30:24,659 INFO [com.epam.jwd.core_final.Main] _spaceships_
2021-01-06 10:30:24,660 INFO [com.epam.jwd.core_final.Main] _60_
2021-01-06 10:30:24,660 INFO [com.epam.jwd.core_final.Main] _yyyy-MM-dd HH:mm:ss_
2021-01-06 10:30:24,663 INFO [com.epam.jwd.core_final.Main] com.epam.jwd.core_final.criteria.CrewMemberCriteria@78a2da20
2021-01-06 10:30:50,855 ERROR [com.epam.jwd.core_final.Main] null
2021-01-06 10:30:50,878 INFO [com.epam.jwd.core_final.Main] _input_
2021-01-06 10:30:50,879 INFO [com.epam.jwd.core_final.Main] _output_
2021-01-06 10:30:50,880 INFO [com.epam.jwd.core_final.Main] _crew_
2021-01-06 10:30:50,880 INFO [com.epam.jwd.core_final.Main] _missions_
2021-01-06 10:30:50,880 INFO [com.epam.jwd.core_final.Main] _spaceships_
2021-01-06 10:30:50,881 INFO [com.epam.jwd.core_final.Main] _60_
2021-01-06 10:30:50,881 INFO [com.epam.jwd.core_final.Main] _yyyy-MM-dd HH:mm:ss_
2021-01-06 10:30:50,882 INFO [com.epam.jwd.core_final.Main] com.epam.jwd.core_final.criteria.CrewMemberCriteria@78a2da20
2021-01-06 10:31:52,122 ERROR [com.epam.jwd.core_final.Main] null
2021-01-06 10:31:52,149 INFO [com.epam.jwd.core_final.Main] _input_
2021-01-06 10:31:52,150 INFO [com.epam.jwd.core_final.Main] _output_
2021-01-06 10:31:52,150 INFO [com.epam.jwd.core_final.Main] _crew_
2021-01-06 10:31:52,151 INFO [com.epam.jwd.core_final.Main] _missions_
2021-01-06 10:31:52,151 INFO [com.epam.jwd.core_final.Main] _spaceships_
