2021-01-05 10:09:13,444 INFO [com.epam.jwd.core_final.Main] _input_
2021-01-05 10:09:13,505 ERROR [com.epam.jwd.core_final.Main] _output_
2021-01-05 10:09:13,505 ERROR [com.epam.jwd.core_final.Main] _crew_
2021-01-05 10:09:13,506 ERROR [com.epam.jwd.core_final.Main] _missions_
2021-01-05 10:09:13,506 ERROR [com.epam.jwd.core_final.Main] _spaceships_
2021-01-05 10:09:13,506 ERROR [com.epam.jwd.core_final.Main] _60_
2021-01-05 10:09:13,507 ERROR [com.epam.jwd.core_final.Main] _yyyy-MM-dd HH:mm:ss_
2021-01-05 10:10:10,682 ERROR [com.epam.jwd.core_final.Main] null
2021-01-05 10:10:10,705 INFO [com.epam.jwd.core_final.Main] _input_
2021-01-05 10:10:10,705 ERROR [com.epam.jwd.core_final.Main] _output_
2021-01-05 10:10:10,706 ERROR [com.epam.jwd.core_final.Main] _crew_
2021-01-05 10:10:10,706 ERROR [com.epam.jwd.core_final.Main] _missions_
2021-01-05 10:10:10,707 ERROR [com.epam.jwd.core_final.Main] _spaceships_
2021-01-05 10:10:10,707 ERROR [com.epam.jwd.core_final.Main] _60_
2021-01-05 10:10:10,707 ERROR [com.epam.jwd.core_final.Main] _yyyy-MM-dd HH:mm:ss_
2021-01-05 10:11:19,577 ERROR [com.epam.jwd.core_final.Main] null
2021-01-05 10:11:19,602 INFO [com.epam.jwd.core_final.Main] _input_
2021-01-05 10:11:19,603 INFO [com.epam.jwd.core_final.Main] _output_
2021-01-05 10:11:19,603 INFO [com.epam.jwd.core_final.Main] _crew_
2021-01-05 10:11:19,604 INFO [com.epam.jwd.core_final.Main] _missions_
2021-01-05 10:11:19,604 INFO [com.epam.jwd.core_final.Main] _spaceships_
2021-01-05 10:11:19,604 INFO [com.epam.jwd.core_final.Main] _60_
2021-01-05 10:11:19,604 INFO [com.epam.jwd.core_final.Main] _yyyy-MM-dd HH:mm:ss_
2021-01-05 16:25:30,489 ERROR [com.epam.jwd.core_final.Main] null
2021-01-05 16:25:30,516 INFO [com.epam.jwd.core_final.Main] _input_
2021-01-05 16:25:30,516 INFO [com.epam.jwd.core_final.Main] _output_
2021-01-05 16:25:30,516 INFO [com.epam.jwd.core_final.Main] _crew_
2021-01-05 16:25:30,516 INFO [com.epam.jwd.core_final.Main] _missions_
2021-01-05 16:25:30,517 INFO [com.epam.jwd.core_final.Main] _spaceships_
