2021-01-05 09:53:50,531 ERROR [com.epam.jwd.core_final.Main] null
2021-01-05 09:53:50,555 ERROR [com.epam.jwd.core_final.Main] _input_
2021-01-05 09:53:50,559 ERROR [com.epam.jwd.core_final.Main] _output_
2021-01-05 09:53:50,559 ERROR [com.epam.jwd.core_final.Main] _crew_
2021-01-05 09:53:50,560 ERROR [com.epam.jwd.core_final.Main] _missions_
2021-01-05 09:53:50,561 ERROR [com.epam.jwd.core_final.Main] _spaceships_
2021-01-05 09:53:50,561 ERROR [com.epam.jwd.core_final.Main] _60_
2021-01-05 09:53:50,561 ERROR [com.epam.jwd.core_final.Main] _yyyy-MM-dd HH:mm:ss_
2021-01-05 09:55:04,018 ERROR [com.epam.jwd.core_final.Main] null
2021-01-05 09:55:04,040 ERROR [com.epam.jwd.core_final.Main] _output_
2021-01-05 09:55:04,040 ERROR [com.epam.jwd.core_final.Main] _crew_
2021-01-05 09:55:04,041 ERROR [com.epam.jwd.core_final.Main] _missions_
2021-01-05 09:55:04,042 ERROR [com.epam.jwd.core_final.Main] _spaceships_
2021-01-05 09:55:04,042 ERROR [com.epam.jwd.core_final.Main] _60_
2021-01-05 09:55:04,042 ERROR [com.epam.jwd.core_final.Main] _yyyy-MM-dd HH:mm:ss_
2021-01-05 09:55:45,609 ERROR [com.epam.jwd.core_final.Main] null
2021-01-05 09:55:45,645 ERROR [com.epam.jwd.core_final.Main] _output_
2021-01-05 09:55:45,646 ERROR [com.epam.jwd.core_final.Main] _crew_
2021-01-05 09:55:45,647 ERROR [com.epam.jwd.core_final.Main] _missions_
2021-01-05 09:55:45,648 ERROR [com.epam.jwd.core_final.Main] _spaceships_
2021-01-05 09:55:45,648 ERROR [com.epam.jwd.core_final.Main] _60_
2021-01-05 09:55:45,649 ERROR [com.epam.jwd.core_final.Main] _yyyy-MM-dd HH:mm:ss_
2021-01-05 09:55:56,991 ERROR [com.epam.jwd.core_final.Main] null
2021-01-05 09:55:57,016 ERROR [com.epam.jwd.core_final.Main] _output_
2021-01-05 09:55:57,016 ERROR [com.epam.jwd.core_final.Main] _crew_
2021-01-05 09:55:57,016 ERROR [com.epam.jwd.core_final.Main] _missions_
2021-01-05 09:55:57,017 ERROR [com.epam.jwd.core_final.Main] _spaceships_
2021-01-05 09:55:57,017 ERROR [com.epam.jwd.core_final.Main] _60_
2021-01-05 09:55:57,017 ERROR [com.epam.jwd.core_final.Main] _yyyy-MM-dd HH:mm:ss_
