2021-01-05 09:57:58,759 ERROR [com.epam.jwd.core_final.Main] null
2021-01-05 09:57:58,858 ERROR [com.epam.jwd.core_final.Main] _output_
2021-01-05 09:57:58,859 ERROR [com.epam.jwd.core_final.Main] _crew_
2021-01-05 09:57:58,859 ERROR [com.epam.jwd.core_final.Main] _missions_
2021-01-05 09:57:58,859 ERROR [com.epam.jwd.core_final.Main] _spaceships_
2021-01-05 09:57:58,860 ERROR [com.epam.jwd.core_final.Main] _60_
2021-01-05 09:57:58,861 ERROR [com.epam.jwd.core_final.Main] _yyyy-MM-dd HH:mm:ss_
2021-01-05 09:59:18,601 ERROR [com.epam.jwd.core_final.Main] null
2021-01-05 09:59:18,622 ERROR [com.epam.jwd.core_final.Main] _output_
2021-01-05 09:59:18,624 ERROR [com.epam.jwd.core_final.Main] _crew_
2021-01-05 09:59:18,624 ERROR [com.epam.jwd.core_final.Main] _missions_
2021-01-05 09:59:18,625 ERROR [com.epam.jwd.core_final.Main] _spaceships_
2021-01-05 09:59:18,625 ERROR [com.epam.jwd.core_final.Main] _60_
2021-01-05 09:59:18,625 ERROR [com.epam.jwd.core_final.Main] _yyyy-MM-dd HH:mm:ss_
2021-01-05 10:04:26,895 ERROR [com.epam.jwd.core_final.Main] null
2021-01-05 10:04:26,916 ERROR [com.epam.jwd.core_final.Main] _output_
2021-01-05 10:04:26,916 ERROR [com.epam.jwd.core_final.Main] _crew_
2021-01-05 10:04:26,917 ERROR [com.epam.jwd.core_final.Main] _missions_
2021-01-05 10:04:26,918 ERROR [com.epam.jwd.core_final.Main] _spaceships_
2021-01-05 10:04:26,918 ERROR [com.epam.jwd.core_final.Main] _60_
2021-01-05 10:04:26,918 ERROR [com.epam.jwd.core_final.Main] _yyyy-MM-dd HH:mm:ss_
2021-01-05 10:05:33,728 ERROR [com.epam.jwd.core_final.Main] null
2021-01-05 10:05:33,751 ERROR [com.epam.jwd.core_final.Main] _output_
2021-01-05 10:05:33,752 ERROR [com.epam.jwd.core_final.Main] _crew_
2021-01-05 10:05:33,752 ERROR [com.epam.jwd.core_final.Main] _missions_
2021-01-05 10:05:33,753 ERROR [com.epam.jwd.core_final.Main] _spaceships_
2021-01-05 10:05:33,753 ERROR [com.epam.jwd.core_final.Main] _60_
2021-01-05 10:05:33,753 ERROR [com.epam.jwd.core_final.Main] _yyyy-MM-dd HH:mm:ss_
2021-01-05 10:09:13,419 ERROR [com.epam.jwd.core_final.Main] null
